[    5958ms] [WARNING] GoTrueClient@sb-cqmhanqnfybyxezhobkx-auth-token:1 (2.86.0) 2026-03-10T02:47:13.691Z Multiple GoTrueClient instances detected in the same browser context. It is not an error, but this should be avoided as it may produce undefined behavior when used concurrently under the same storage key. @ http://localhost:3002/_next/static/chunks/2e7b4_next_dist_4293d69a._.js:2287
[    7191ms] [WARNING] Image with src "https://cqmhanqnfybyxezhobkx.supabase.co/storage/v1/object/public/cakegenie/analysis-cache/wednesday-addams-sky-blue-1-tier-cake-c391.jpg" was detected as the Largest Contentful Paint (LCP). Please add the `loading="eager"` property if this image is above the fold.
Read more: https://nextjs.org/docs/app/api-reference/components/image#loading @ http://localhost:3002/_next/static/chunks/2e7b4_next_dist_4293d69a._.js:2287
[   93798ms] [WARNING] GoTrueClient@sb-cqmhanqnfybyxezhobkx-auth-token:2 (2.86.0) 2026-03-10T02:48:41.534Z Multiple GoTrueClient instances detected in the same browser context. It is not an error, but this should be avoided as it may produce undefined behavior when used concurrently under the same storage key. @ http://localhost:3002/_next/static/chunks/2e7b4_next_dist_4293d69a._.js:2287
[ 1191356ms] [ERROR] ./genieph-nextjs/src/app/collections/CollectionsClient.tsx:236:9
Parsing ecmascript source code failed
  234 |
  235 |             <MobileBottomNav />
> 236 |         </div>
      |         ^
  237 |     );
  238 | };
  239 |

Expression expected

Import trace:
  Server Component:
    ./genieph-nextjs/src/app/collections/CollectionsClient.tsx
    ./genieph-nextjs/src/app/collections/page.tsx @ http://localhost:3002/_next/static/chunks/2e7b4_next_dist_4293d69a._.js:3117
[ 1191356ms] [ERROR] ./genieph-nextjs/src/app/collections/CollectionsClient.tsx:236:10
Parsing ecmascript source code failed
  234 |
  235 |             <MobileBottomNav />
> 236 |         </div>
      |          ^^^^^
  237 |     );
  238 | };
  239 |

Unterminated regexp literal

Import trace:
  Server Component:
    ./genieph-nextjs/src/app/collections/CollectionsClient.tsx
    ./genieph-nextjs/src/app/collections/page.tsx @ http://localhost:3002/_next/static/chunks/2e7b4_next_dist_4293d69a._.js:3117
