[    2938ms] [ERROR] %o

%s Error: Functions cannot be passed directly to Client Components unless you explicitly expose it by marking it with "use server". Or maybe you meant to call this function rather than return it.
  <... loader={function supabaseLoader} src=... alt=... title=... fill=... sizes=... className=... priority=...>
              ^^^^^^^^^^^^^^^^^^^^^^^^^
    at stringify (<anonymous>:1:18)
    at stringify (<anonymous>:1:18)
    at resolveErrorDev (http://localhost:3001/_next/static/chunks/2e7b4_next_dist_compiled_react-server-dom-turbopack_088b2121._.js:1864:148)
    at processFullStringRow (http://localhost:3001/_next/static/chunks/2e7b4_next_dist_compiled_react-server-dom-turbopack_088b2121._.js:2372:29)
    at processFullBinaryRow (http://localhost:3001/_next/static/chunks/2e7b4_next_dist_compiled_react-server-dom-turbopack_088b2121._.js:2331:9)
    at processBinaryChunk (http://localhost:3001/_next/static/chunks/2e7b4_next_dist_compiled_react-server-dom-turbopack_088b2121._.js:2441:98)
    at progress (http://localhost:3001/_next/static/chunks/2e7b4_next_dist_compiled_react-server-dom-turbopack_088b2121._.js:2610:13) The above error occurred in the <ForwardRef> component. It was handled by the <ErrorBoundary> error boundary. @ http://localhost:3001/_next/static/chunks/2e7b4_next_dist_client_6d3784b6._.js:1294
[    2942ms] [ERROR] ErrorBoundary caught an error: Error: Functions cannot be passed directly to Client Components unless you explicitly expose it by marking it with "use server". Or maybe you meant to call this function rather than return it.
  <... loader={function supabaseLoader} src=... alt=... title=... fill=... sizes=... className=... priority=...>
              ^^^^^^^^^^^^^^^^^^^^^^^^^
    at stringify (<anonymous>:1:18)
    at stringify (<anonymous>:1:18)
    at resolveErrorDev (http://localhost:3001/_next/static/chunks/2e7b4_next_dist_compiled_react-server-dom-turbopack_088b2121._.js:1864:148)
    at processFullStringRow (http://localhost:3001/_next/static/chunks/2e7b4_next_dist_compiled_react-server-dom-turbopack_088b2121._.js:2372:29)
    at processFullBinaryRow (http://localhost:3001/_next/static/chunks/2e7b4_next_dist_compiled_react-server-dom-turbopack_088b2121._.js:2331:9)
    at processBinaryChunk (http://localhost:3001/_next/static/chunks/2e7b4_next_dist_compiled_react-server-dom-turbopack_088b2121._.js:2441:98)
    at progress (http://localhost:3001/_next/static/chunks/2e7b4_next_dist_compiled_react-server-dom-turbopack_088b2121._.js:2610:13) {componentStack: 
    at ForwardRef (<anonymous>)
    at figure (<a…ks/2e7b4_next_dist_client_6d3784b6._.js:12983:17)} @ http://localhost:3001/_next/static/chunks/2e7b4_next_dist_4293d69a._.js:3117
[  143044ms] [WARNING] [HMR] Invalid message: {"isTrusted":true}
TypeError: Cannot convert undefined or null to object
    at Object.keys (<anonymous>)
    at extractModulesFromTurbopackMessage (http://localhost:3001/_next/static/chunks/2e7b4_next_dist_client_6d3784b6._.js:10440:39)
    at TurbopackHmr.onTurbopackMessage (http://localhost:3001/_next/static/chunks/2e7b4_next_dist_client_6d3784b6._.js:10387:32)
    at processMessage (http://localhost:3001/_next/static/chunks/2e7b4_next_dist_client_6d3784b6._.js:10816:30)
    at WebSocket.handleMessage (http://localhost:3001/_next/static/chunks/2e7b4_next_dist_client_6d3784b6._.js:10152:52) @ http://localhost:3001/_next/static/chunks/2e7b4_next_dist_4293d69a._.js:2287
