[     987ms] [WARNING] GoTrueClient@sb-cqmhanqnfybyxezhobkx-auth-token:1 (2.86.0) 2026-03-10T12:03:55.618Z Multiple GoTrueClient instances detected in the same browser context. It is not an error, but this should be avoided as it may produce undefined behavior when used concurrently under the same storage key. @ http://localhost:3002/_next/static/chunks/2e7b4_next_dist_4293d69a._.js:2287
[    2145ms] [WARNING] No pricing rule found for: type="icing_text" (mapped to "icing_text"), size="undefined", subtype="undefined", category="message" @ http://localhost:3002/_next/static/chunks/2e7b4_next_dist_4293d69a._.js:2287
[    2145ms] [WARNING] No pricing rule found for: type="icing_text" (mapped to "icing_text"), size="undefined", subtype="undefined", category="message" @ http://localhost:3002/_next/static/chunks/2e7b4_next_dist_4293d69a._.js:2287
[    2145ms] [WARNING] No pricing rule found for: type="icing_text" (mapped to "icing_text"), size="undefined", subtype="undefined", category="message" @ http://localhost:3002/_next/static/chunks/2e7b4_next_dist_4293d69a._.js:2287
[  241652ms] [WARNING] No pricing rule found for: type="icing_text" (mapped to "icing_text"), size="undefined", subtype="undefined", category="message" @ http://localhost:3002/_next/static/chunks/2e7b4_next_dist_4293d69a._.js:2287
[  241656ms] [WARNING] No pricing rule found for: type="icing_text" (mapped to "icing_text"), size="undefined", subtype="undefined", category="message" @ http://localhost:3002/_next/static/chunks/2e7b4_next_dist_4293d69a._.js:2287
[  241656ms] [WARNING] No pricing rule found for: type="icing_text" (mapped to "icing_text"), size="undefined", subtype="undefined", category="message" @ http://localhost:3002/_next/static/chunks/2e7b4_next_dist_4293d69a._.js:2287
[  721955ms] [WARNING] GoTrueClient@sb-cqmhanqnfybyxezhobkx-auth-token:2 (2.86.0) 2026-03-10T12:15:56.591Z Multiple GoTrueClient instances detected in the same browser context. It is not an error, but this should be avoided as it may produce undefined behavior when used concurrently under the same storage key. @ http://localhost:3002/_next/static/chunks/2e7b4_next_dist_4293d69a._.js:2287
[  723958ms] [WARNING] No pricing rule found for: type="icing_text" (mapped to "icing_text"), size="undefined", subtype="undefined", category="message" @ http://localhost:3002/_next/static/chunks/2e7b4_next_dist_4293d69a._.js:2287
[  723958ms] [WARNING] No pricing rule found for: type="icing_text" (mapped to "icing_text"), size="undefined", subtype="undefined", category="message" @ http://localhost:3002/_next/static/chunks/2e7b4_next_dist_4293d69a._.js:2287
[  723958ms] [WARNING] No pricing rule found for: type="icing_text" (mapped to "icing_text"), size="undefined", subtype="undefined", category="message" @ http://localhost:3002/_next/static/chunks/2e7b4_next_dist_4293d69a._.js:2287
[  724175ms] [WARNING] Cart query timed out, keeping cached data @ http://localhost:3002/_next/static/chunks/2e7b4_next_dist_4293d69a._.js:2287
[  724176ms] [WARNING] Cart query timed out, keeping cached data @ http://localhost:3002/_next/static/chunks/2e7b4_next_dist_4293d69a._.js:2287
[  756371ms] [WARNING] GoTrueClient@sb-cqmhanqnfybyxezhobkx-auth-token:1 (2.86.0) 2026-03-10T12:16:30.926Z Multiple GoTrueClient instances detected in the same browser context. It is not an error, but this should be avoided as it may produce undefined behavior when used concurrently under the same storage key. @ http://localhost:3002/_next/static/chunks/2e7b4_next_dist_4293d69a._.js:2287
[  757002ms] Error: Switched to client rendering because the server rendering errored:

useAuth must be used within AuthProvider
    at useAuth (/Users/apcaballes/genieph-nextjs/.next/dev/server/chunks/ssr/[root-of-the-server]__4f988214._.js:165:15)
    at CustomizingClient (/Users/apcaballes/genieph-nextjs/.next/dev/server/chunks/ssr/genieph-nextjs_src_app_customizing_9bf6a89b._.js:735:212)
    at Object.react_stack_bottom_frame (/Users/apcaballes/genieph-nextjs/node_modules/next/dist/compiled/next-server/app-page-turbo.runtime.dev.js:2:308231)
    at renderWithHooks (/Users/apcaballes/genieph-nextjs/node_modules/next/dist/compiled/next-server/app-page-turbo.runtime.dev.js:2:117683)
    at renderElement (/Users/apcaballes/genieph-nextjs/node_modules/next/dist/compiled/next-server/app-page-turbo.runtime.dev.js:2:132355)
    at renderElement (/Users/apcaballes/genieph-nextjs/node_modules/next/dist/compiled/next-server/app-page-turbo.runtime.dev.js:2:194297)
    at retryNode (/Users/apcaballes/genieph-nextjs/node_modules/next/dist/compiled/next-server/app-page-turbo.runtime.dev.js:2:201235)
    at renderNodeDestructive (/Users/apcaballes/genieph-nextjs/node_modules/next/dist/compiled/next-server/app-page-turbo.runtime.dev.js:2:200498)
    at renderNode (/Users/apcaballes/genieph-nextjs/node_modules/next/dist/compiled/next-server/app-page-turbo.runtime.dev.js:2:212388)
    at renderElement (/Users/apcaballes/genieph-nextjs/node_modules/next/dist/compiled/next-server/app-page-turbo.runtime.dev.js:2:189474)
    at retryNode (/Users/apcaballes/genieph-nextjs/node_modules/next/dist/compiled/next-server/app-page-turbo.runtime.dev.js:2:201235)
    at renderNodeDestructive (/Users/apcaballes/genieph-nextjs/node_modules/next/dist/compiled/next-server/app-page-turbo.runtime.dev.js:2:200498)
    at renderNode (/Users/apcaballes/genieph-nextjs/node_modules/next/dist/compiled/next-server/app-page-turbo.runtime.dev.js:2:212388)
    at renderChildrenArray (/Users/apcaballes/genieph-nextjs/node_modules/next/dist/compiled/next-server/app-page-turbo.runtime.dev.js:2:206949)
    at retryNode (/Users/apcaballes/genieph-nextjs/node_modules/next/dist/compiled/next-server/app-page-turbo.runtime.dev.js:2:201712)
    at renderNodeDestructive (/Users/apcaballes/genieph-nextjs/node_modules/next/dist/compiled/next-server/app-page-turbo.runtime.dev.js:2:200498)
    at retryNode (/Users/apcaballes/genieph-nextjs/node_modules/next/dist/compiled/next-server/app-page-turbo.runtime.dev.js:2:201620)
    at performWork (/Users/apcaballes/genieph-nextjs/node_modules/next/dist/compiled/next-server/app-page-turbo.runtime.dev.js:2:223142)
    at Immediate._onImmediate (/Users/apcaballes/genieph-nextjs/node_modules/next/dist/compiled/next-server/app-page-turbo.runtime.dev.js:2:102611)
    at process.processImmediate (node:internal/timers:485:21)
    at process.callbackTrampoline (node:internal/async_hooks:130:17)
[  759446ms] [WARNING] Cart query timed out, keeping cached data @ http://localhost:3002/_next/static/chunks/2e7b4_next_dist_4293d69a._.js:2287
[  759811ms] [WARNING] No pricing rule found for: type="icing_text" (mapped to "icing_text"), size="undefined", subtype="undefined", category="message" @ http://localhost:3002/_next/static/chunks/2e7b4_next_dist_4293d69a._.js:2287
[  759811ms] [WARNING] No pricing rule found for: type="icing_text" (mapped to "icing_text"), size="undefined", subtype="undefined", category="message" @ http://localhost:3002/_next/static/chunks/2e7b4_next_dist_4293d69a._.js:2287
[  759811ms] [WARNING] No pricing rule found for: type="icing_text" (mapped to "icing_text"), size="undefined", subtype="undefined", category="message" @ http://localhost:3002/_next/static/chunks/2e7b4_next_dist_4293d69a._.js:2287
[  760154ms] [WARNING] Cart query timed out, keeping cached data @ http://localhost:3002/_next/static/chunks/2e7b4_next_dist_4293d69a._.js:2287
[ 1184504ms] [WARNING] No pricing rule found for: type="icing_text" (mapped to "icing_text"), size="undefined", subtype="undefined", category="message" @ http://localhost:3002/_next/static/chunks/2e7b4_next_dist_4293d69a._.js:2287
[ 1184505ms] [WARNING] No pricing rule found for: type="icing_text" (mapped to "icing_text"), size="undefined", subtype="undefined", category="message" @ http://localhost:3002/_next/static/chunks/2e7b4_next_dist_4293d69a._.js:2287
[ 1184505ms] [WARNING] No pricing rule found for: type="icing_text" (mapped to "icing_text"), size="undefined", subtype="undefined", category="message" @ http://localhost:3002/_next/static/chunks/2e7b4_next_dist_4293d69a._.js:2287
[ 1303370ms] [WARNING] No pricing rule found for: type="icing_text" (mapped to "icing_text"), size="undefined", subtype="undefined", category="message" @ http://localhost:3002/_next/static/chunks/2e7b4_next_dist_4293d69a._.js:2287
[ 1303412ms] [WARNING] No pricing rule found for: type="icing_text" (mapped to "icing_text"), size="undefined", subtype="undefined", category="message" @ http://localhost:3002/_next/static/chunks/2e7b4_next_dist_4293d69a._.js:2287
[ 1303412ms] [WARNING] No pricing rule found for: type="icing_text" (mapped to "icing_text"), size="undefined", subtype="undefined", category="message" @ http://localhost:3002/_next/static/chunks/2e7b4_next_dist_4293d69a._.js:2287
[ 1422726ms] [WARNING] No pricing rule found for: type="icing_text" (mapped to "icing_text"), size="undefined", subtype="undefined", category="message" @ http://localhost:3002/_next/static/chunks/2e7b4_next_dist_4293d69a._.js:2287
[ 1422759ms] [WARNING] No pricing rule found for: type="icing_text" (mapped to "icing_text"), size="undefined", subtype="undefined", category="message" @ http://localhost:3002/_next/static/chunks/2e7b4_next_dist_4293d69a._.js:2287
[ 1422759ms] [WARNING] No pricing rule found for: type="icing_text" (mapped to "icing_text"), size="undefined", subtype="undefined", category="message" @ http://localhost:3002/_next/static/chunks/2e7b4_next_dist_4293d69a._.js:2287
[ 1573508ms] [WARNING] No pricing rule found for: type="icing_text" (mapped to "icing_text"), size="undefined", subtype="undefined", category="message" @ http://localhost:3002/_next/static/chunks/2e7b4_next_dist_4293d69a._.js:2287
[ 1573508ms] [WARNING] No pricing rule found for: type="icing_text" (mapped to "icing_text"), size="undefined", subtype="undefined", category="message" @ http://localhost:3002/_next/static/chunks/2e7b4_next_dist_4293d69a._.js:2287
[ 1573508ms] [WARNING] No pricing rule found for: type="icing_text" (mapped to "icing_text"), size="undefined", subtype="undefined", category="message" @ http://localhost:3002/_next/static/chunks/2e7b4_next_dist_4293d69a._.js:2287
[ 1712451ms] [WARNING] No pricing rule found for: type="icing_text" (mapped to "icing_text"), size="undefined", subtype="undefined", category="message" @ http://localhost:3002/_next/static/chunks/2e7b4_next_dist_4293d69a._.js:2287
[ 1712452ms] [WARNING] No pricing rule found for: type="icing_text" (mapped to "icing_text"), size="undefined", subtype="undefined", category="message" @ http://localhost:3002/_next/static/chunks/2e7b4_next_dist_4293d69a._.js:2287
[ 1712452ms] [WARNING] No pricing rule found for: type="icing_text" (mapped to "icing_text"), size="undefined", subtype="undefined", category="message" @ http://localhost:3002/_next/static/chunks/2e7b4_next_dist_4293d69a._.js:2287
[ 1792337ms] [WARNING] No pricing rule found for: type="icing_text" (mapped to "icing_text"), size="undefined", subtype="undefined", category="message" @ http://localhost:3002/_next/static/chunks/2e7b4_next_dist_4293d69a._.js:2287
[ 1792375ms] [WARNING] No pricing rule found for: type="icing_text" (mapped to "icing_text"), size="undefined", subtype="undefined", category="message" @ http://localhost:3002/_next/static/chunks/2e7b4_next_dist_4293d69a._.js:2287
[ 1792375ms] [WARNING] No pricing rule found for: type="icing_text" (mapped to "icing_text"), size="undefined", subtype="undefined", category="message" @ http://localhost:3002/_next/static/chunks/2e7b4_next_dist_4293d69a._.js:2287
[ 1857315ms] [WARNING] No pricing rule found for: type="icing_text" (mapped to "icing_text"), size="undefined", subtype="undefined", category="message" @ http://localhost:3002/_next/static/chunks/2e7b4_next_dist_4293d69a._.js:2287
[ 1857352ms] [WARNING] No pricing rule found for: type="icing_text" (mapped to "icing_text"), size="undefined", subtype="undefined", category="message" @ http://localhost:3002/_next/static/chunks/2e7b4_next_dist_4293d69a._.js:2287
[ 1857352ms] [WARNING] No pricing rule found for: type="icing_text" (mapped to "icing_text"), size="undefined", subtype="undefined", category="message" @ http://localhost:3002/_next/static/chunks/2e7b4_next_dist_4293d69a._.js:2287
[ 1934996ms] [WARNING] No pricing rule found for: type="icing_text" (mapped to "icing_text"), size="undefined", subtype="undefined", category="message" @ http://localhost:3002/_next/static/chunks/2e7b4_next_dist_4293d69a._.js:2287
[ 1934996ms] [WARNING] No pricing rule found for: type="icing_text" (mapped to "icing_text"), size="undefined", subtype="undefined", category="message" @ http://localhost:3002/_next/static/chunks/2e7b4_next_dist_4293d69a._.js:2287
[ 1934996ms] [WARNING] No pricing rule found for: type="icing_text" (mapped to "icing_text"), size="undefined", subtype="undefined", category="message" @ http://localhost:3002/_next/static/chunks/2e7b4_next_dist_4293d69a._.js:2287
[ 2032536ms] [WARNING] No pricing rule found for: type="icing_text" (mapped to "icing_text"), size="undefined", subtype="undefined", category="message" @ http://localhost:3002/_next/static/chunks/2e7b4_next_dist_4293d69a._.js:2287
[ 2032536ms] [WARNING] No pricing rule found for: type="icing_text" (mapped to "icing_text"), size="undefined", subtype="undefined", category="message" @ http://localhost:3002/_next/static/chunks/2e7b4_next_dist_4293d69a._.js:2287
[ 2032536ms] [WARNING] No pricing rule found for: type="icing_text" (mapped to "icing_text"), size="undefined", subtype="undefined", category="message" @ http://localhost:3002/_next/static/chunks/2e7b4_next_dist_4293d69a._.js:2287
[ 2152928ms] [WARNING] No pricing rule found for: type="icing_text" (mapped to "icing_text"), size="undefined", subtype="undefined", category="message" @ http://localhost:3002/_next/static/chunks/2e7b4_next_dist_4293d69a._.js:2287
[ 2152952ms] [WARNING] No pricing rule found for: type="icing_text" (mapped to "icing_text"), size="undefined", subtype="undefined", category="message" @ http://localhost:3002/_next/static/chunks/2e7b4_next_dist_4293d69a._.js:2287
[ 2152952ms] [WARNING] No pricing rule found for: type="icing_text" (mapped to "icing_text"), size="undefined", subtype="undefined", category="message" @ http://localhost:3002/_next/static/chunks/2e7b4_next_dist_4293d69a._.js:2287
[ 2254766ms] [WARNING] No pricing rule found for: type="icing_text" (mapped to "icing_text"), size="undefined", subtype="undefined", category="message" @ http://localhost:3002/_next/static/chunks/2e7b4_next_dist_4293d69a._.js:2287
[ 2254766ms] [WARNING] No pricing rule found for: type="icing_text" (mapped to "icing_text"), size="undefined", subtype="undefined", category="message" @ http://localhost:3002/_next/static/chunks/2e7b4_next_dist_4293d69a._.js:2287
[ 2254766ms] [WARNING] No pricing rule found for: type="icing_text" (mapped to "icing_text"), size="undefined", subtype="undefined", category="message" @ http://localhost:3002/_next/static/chunks/2e7b4_next_dist_4293d69a._.js:2287
[ 2463923ms] [WARNING] No pricing rule found for: type="icing_text" (mapped to "icing_text"), size="undefined", subtype="undefined", category="message" @ http://localhost:3002/_next/static/chunks/2e7b4_next_dist_4293d69a._.js:2287
[ 2463951ms] [WARNING] No pricing rule found for: type="icing_text" (mapped to "icing_text"), size="undefined", subtype="undefined", category="message" @ http://localhost:3002/_next/static/chunks/2e7b4_next_dist_4293d69a._.js:2287
[ 2463951ms] [WARNING] No pricing rule found for: type="icing_text" (mapped to "icing_text"), size="undefined", subtype="undefined", category="message" @ http://localhost:3002/_next/static/chunks/2e7b4_next_dist_4293d69a._.js:2287
[ 2557734ms] [WARNING] No pricing rule found for: type="icing_text" (mapped to "icing_text"), size="undefined", subtype="undefined", category="message" @ http://localhost:3002/_next/static/chunks/2e7b4_next_dist_4293d69a._.js:2287
[ 2557734ms] [WARNING] No pricing rule found for: type="icing_text" (mapped to "icing_text"), size="undefined", subtype="undefined", category="message" @ http://localhost:3002/_next/static/chunks/2e7b4_next_dist_4293d69a._.js:2287
[ 2557734ms] [WARNING] No pricing rule found for: type="icing_text" (mapped to "icing_text"), size="undefined", subtype="undefined", category="message" @ http://localhost:3002/_next/static/chunks/2e7b4_next_dist_4293d69a._.js:2287
[ 2667992ms] [WARNING] No pricing rule found for: type="icing_text" (mapped to "icing_text"), size="undefined", subtype="undefined", category="message" @ http://localhost:3002/_next/static/chunks/2e7b4_next_dist_4293d69a._.js:2287
[ 2668024ms] [WARNING] No pricing rule found for: type="icing_text" (mapped to "icing_text"), size="undefined", subtype="undefined", category="message" @ http://localhost:3002/_next/static/chunks/2e7b4_next_dist_4293d69a._.js:2287
[ 2668024ms] [WARNING] No pricing rule found for: type="icing_text" (mapped to "icing_text"), size="undefined", subtype="undefined", category="message" @ http://localhost:3002/_next/static/chunks/2e7b4_next_dist_4293d69a._.js:2287
[ 2846122ms] [WARNING] No pricing rule found for: type="icing_text" (mapped to "icing_text"), size="undefined", subtype="undefined", category="message" @ http://localhost:3002/_next/static/chunks/2e7b4_next_dist_4293d69a._.js:2287
[ 2846165ms] [WARNING] No pricing rule found for: type="icing_text" (mapped to "icing_text"), size="undefined", subtype="undefined", category="message" @ http://localhost:3002/_next/static/chunks/2e7b4_next_dist_4293d69a._.js:2287
[ 2846165ms] [WARNING] No pricing rule found for: type="icing_text" (mapped to "icing_text"), size="undefined", subtype="undefined", category="message" @ http://localhost:3002/_next/static/chunks/2e7b4_next_dist_4293d69a._.js:2287
[ 3712448ms] [ERROR] The final argument passed to %s changed size between renders. The order and size of this array must remain constant.

Previous: %s
Incoming: %s useEffect [1199, , false, ] [1199, , false, , false, false] @ http://localhost:3002/_next/static/chunks/2e7b4_next_dist_4293d69a._.js:3117
[ 3729275ms] [WARNING] No pricing rule found for: type="icing_text" (mapped to "icing_text"), size="undefined", subtype="undefined", category="message" @ http://localhost:3002/_next/static/chunks/2e7b4_next_dist_4293d69a._.js:2287
[ 3729275ms] [WARNING] No pricing rule found for: type="icing_text" (mapped to "icing_text"), size="undefined", subtype="undefined", category="message" @ http://localhost:3002/_next/static/chunks/2e7b4_next_dist_4293d69a._.js:2287
[ 3729275ms] [WARNING] No pricing rule found for: type="icing_text" (mapped to "icing_text"), size="undefined", subtype="undefined", category="message" @ http://localhost:3002/_next/static/chunks/2e7b4_next_dist_4293d69a._.js:2287
[ 4194332ms] [WARNING] No pricing rule found for: type="icing_text" (mapped to "icing_text"), size="undefined", subtype="undefined", category="message" @ http://localhost:3002/_next/static/chunks/2e7b4_next_dist_4293d69a._.js:2287
[ 4194332ms] [WARNING] No pricing rule found for: type="icing_text" (mapped to "icing_text"), size="undefined", subtype="undefined", category="message" @ http://localhost:3002/_next/static/chunks/2e7b4_next_dist_4293d69a._.js:2287
[ 4194332ms] [WARNING] No pricing rule found for: type="icing_text" (mapped to "icing_text"), size="undefined", subtype="undefined", category="message" @ http://localhost:3002/_next/static/chunks/2e7b4_next_dist_4293d69a._.js:2287
[ 5110033ms] [WARNING] No pricing rule found for: type="icing_text" (mapped to "icing_text"), size="undefined", subtype="undefined", category="message" @ http://localhost:3002/_next/static/chunks/2e7b4_next_dist_4293d69a._.js:2287
[ 5110033ms] [WARNING] No pricing rule found for: type="icing_text" (mapped to "icing_text"), size="undefined", subtype="undefined", category="message" @ http://localhost:3002/_next/static/chunks/2e7b4_next_dist_4293d69a._.js:2287
[ 5110033ms] [WARNING] No pricing rule found for: type="icing_text" (mapped to "icing_text"), size="undefined", subtype="undefined", category="message" @ http://localhost:3002/_next/static/chunks/2e7b4_next_dist_4293d69a._.js:2287
[ 5332311ms] [WARNING] No pricing rule found for: type="icing_text" (mapped to "icing_text"), size="undefined", subtype="undefined", category="message" @ http://localhost:3002/_next/static/chunks/2e7b4_next_dist_4293d69a._.js:2287
[ 5332346ms] [WARNING] No pricing rule found for: type="icing_text" (mapped to "icing_text"), size="undefined", subtype="undefined", category="message" @ http://localhost:3002/_next/static/chunks/2e7b4_next_dist_4293d69a._.js:2287
[ 5332346ms] [WARNING] No pricing rule found for: type="icing_text" (mapped to "icing_text"), size="undefined", subtype="undefined", category="message" @ http://localhost:3002/_next/static/chunks/2e7b4_next_dist_4293d69a._.js:2287
[ 8843615ms] [WARNING] No pricing rule found for: type="icing_text" (mapped to "icing_text"), size="undefined", subtype="undefined", category="message" @ http://localhost:3002/_next/static/chunks/2e7b4_next_dist_4293d69a._.js:2287
[ 8843616ms] [WARNING] No pricing rule found for: type="icing_text" (mapped to "icing_text"), size="undefined", subtype="undefined", category="message" @ http://localhost:3002/_next/static/chunks/2e7b4_next_dist_4293d69a._.js:2287
[ 8843616ms] [WARNING] No pricing rule found for: type="icing_text" (mapped to "icing_text"), size="undefined", subtype="undefined", category="message" @ http://localhost:3002/_next/static/chunks/2e7b4_next_dist_4293d69a._.js:2287
